Using pre-set license
Built from '2022.3/staging' branch; Version is '2022.3.7f1 (b16b3b16c7a0) revision 11627323'; Using compiler version '192829333'; Build Type 'Release'
OS: 'Windows 10  (10.0.19045) 64bit Core' Language: 'en' Physical Memory: 16245 MB
BatchMode: 1, IsHumanControllingUs: 0, StartBugReporterOnCrash: 0, Is64bit: 1, IsPro: 1

COMMAND LINE ARGUMENTS:
C:\Program Files\Unity\Hub\Editor\2022.3.7f1\Editor\Unity.exe
-adb2
-batchMode
-noUpm
-name
AssetImportWorker4
-projectPath
C:/Users/video/Desktop/GameJam4Real/GameJam4RE5L/GameJam For real
-logFile
Logs/AssetImportWorker4.log
-srvPort
63988
Successfully changed project path to: C:/Users/video/Desktop/GameJam4Real/GameJam4RE5L/GameJam For real
C:/Users/video/Desktop/GameJam4Real/GameJam4RE5L/GameJam For real
[UnityMemory] Configuration Parameters - Can be set up in boot.config
    "memorysetup-bucket-allocator-granularity=16"
    "memorysetup-bucket-allocator-bucket-count=8"
    "memorysetup-bucket-allocator-block-size=33554432"
    "memorysetup-bucket-allocator-block-count=8"
    "memorysetup-main-allocator-block-size=16777216"
    "memorysetup-thread-allocator-block-size=16777216"
    "memorysetup-gfx-main-allocator-block-size=16777216"
    "memorysetup-gfx-thread-allocator-block-size=16777216"
    "memorysetup-cache-allocator-block-size=4194304"
    "memorysetup-typetree-allocator-block-size=2097152"
    "memorysetup-profiler-bucket-allocator-granularity=16"
    "memorysetup-profiler-bucket-allocator-bucket-count=8"
    "memorysetup-profiler-bucket-allocator-block-size=33554432"
    "memorysetup-profiler-bucket-allocator-block-count=8"
    "memorysetup-profiler-allocator-block-size=16777216"
    "memorysetup-profiler-editor-allocator-block-size=1048576"
    "memorysetup-temp-allocator-size-main=16777216"
    "memorysetup-job-temp-allocator-block-size=2097152"
    "memorysetup-job-temp-allocator-block-size-background=1048576"
    "memorysetup-job-temp-allocator-reduction-small-platforms=262144"
    "memorysetup-allocator-temp-initial-block-size-main=262144"
    "memorysetup-allocator-temp-initial-block-size-worker=262144"
    "memorysetup-temp-allocator-size-background-worker=32768"
    "memorysetup-temp-allocator-size-job-worker=262144"
    "memorysetup-temp-allocator-size-preload-manager=33554432"
    "memorysetup-temp-allocator-size-nav-mesh-worker=65536"
    "memorysetup-temp-allocator-size-audio-worker=65536"
    "memorysetup-temp-allocator-size-cloud-worker=32768"
    "memorysetup-temp-allocator-size-gi-baking-worker=262144"
    "memorysetup-temp-allocator-size-gfx=262144"
Player connection [35656] Host "[IP] 192.168.1.241 [Port] 0 [Flags] 2 [Guid] 2849820373 [EditorId] 2849820373 [Version] 1048832 [Id] WindowsEditor(7,LAPTOP-IVKSUL3P) [Debug] 1 [PackageName] WindowsEditor [ProjectName] Editor" joined multi-casting on [225.0.0.222:54997]...

Player connection [35656] Host "[IP] 192.168.1.241 [Port] 0 [Flags] 2 [Guid] 2849820373 [EditorId] 2849820373 [Version] 1048832 [Id] WindowsEditor(7,LAPTOP-IVKSUL3P) [Debug] 1 [PackageName] WindowsEditor [ProjectName] Editor" joined alternative multi-casting on [225.0.0.222:34997]...

Refreshing native plugins compatible for Editor in 15.38 ms, found 4 plugins.
Preloading 0 native plugins for Editor in 0.00 ms.
Initialize engine version: 2022.3.7f1 (b16b3b16c7a0)
[Subsystems] Discovering subsystems at path C:/Program Files/Unity/Hub/Editor/2022.3.7f1/Editor/Data/Resources/UnitySubsystems
[Subsystems] Discovering subsystems at path C:/Users/video/Desktop/GameJam4Real/GameJam4RE5L/GameJam For real/Assets
GfxDevice: creating device client; threaded=0; jobified=0
Direct3D:
    Version:  Direct3D 11.0 [level 11.1]
    Renderer: NVIDIA GeForce RTX 2060 (ID=0x1f15)
    Vendor:   NVIDIA
    VRAM:     5968 MB
    Driver:   31.0.15.2824
Initialize mono
Mono path[0] = 'C:/Program Files/Unity/Hub/Editor/2022.3.7f1/Editor/Data/Managed'
Mono path[1] = 'C:/Program Files/Unity/Hub/Editor/2022.3.7f1/Editor/Data/MonoBleedingEdge/lib/mono/unityjit-win32'
Mono config path = 'C:/Program Files/Unity/Hub/Editor/2022.3.7f1/Editor/Data/MonoBleedingEdge/etc'
Using monoOptions --debugger-agent=transport=dt_socket,embedding=1,server=y,suspend=n,address=127.0.0.1:56188
Begin MonoManager ReloadAssembly
Registering precompiled unity dll's ...
Register platform support module: C:/Program Files/Unity/Hub/Editor/2022.3.7f1/Editor/Data/PlaybackEngines/AndroidPlayer/UnityEditor.Android.Extensions.dll
Register platform support module: C:/Program Files/Unity/Hub/Editor/2022.3.7f1/Editor/Data/PlaybackEngines/WindowsStandaloneSupport/UnityEditor.WindowsStandalone.Extensions.dll
Register platform support module: C:/Program Files/Unity/Hub/Editor/2022.3.7f1/Editor/Data/PlaybackEngines/MetroSupport/UnityEditor.UWP.Extensions.dll
Registered in 0.016187 seconds.
- Loaded All Assemblies, in  0.411 seconds
Native extension for UWP target not found
Native extension for WindowsStandalone target not found
Native extension for Android target not found
Android Extension - Scanning For ADB Devices 317 ms
Mono: successfully reloaded assembly
- Finished resetting the current domain, in  0.646 seconds
Domain Reload Profiling: 1054ms
	BeginReloadAssembly (126ms)
		ExecutionOrderSort (0ms)
		DisableScriptedObjects (0ms)
		BackupInstance (0ms)
		ReleaseScriptingObjects (0ms)
		CreateAndSetChildDomain (1ms)
	RebuildCommonClasses (34ms)
	RebuildNativeTypeToScriptingClass (11ms)
	initialDomainReloadingComplete (72ms)
	LoadAllAssembliesAndSetupDomain (163ms)
		LoadAssemblies (124ms)
		RebuildTransferFunctionScriptingTraits (0ms)
		AnalyzeDomain (161ms)
			TypeCache.Refresh (159ms)
				TypeCache.ScanAssembly (144ms)
			ScanForSourceGeneratedMonoScriptInfo (0ms)
			ResolveRequiredComponents (0ms)
	FinalizeReload (647ms)
		ReleaseScriptCaches (0ms)
		RebuildScriptCaches (0ms)
		SetupLoadedEditorAssemblies (590ms)
			LogAssemblyErrors (0ms)
			InitializePlatformSupportModulesInManaged (442ms)
			SetLoadedEditorAssemblies (4ms)
			RefreshPlugins (0ms)
			BeforeProcessingInitializeOnLoad (2ms)
			ProcessInitializeOnLoadAttributes (98ms)
			ProcessInitializeOnLoadMethodAttributes (44ms)
			AfterProcessingInitializeOnLoad (0ms)
			EditorAssembliesLoaded (0ms)
		ExecutionOrderSort2 (0ms)
		AwakeInstancesAfterBackupRestoration (0ms)
========================================================================
Worker process is ready to serve import requests
Begin MonoManager ReloadAssembly
Symbol file LoadedFromMemory doesn't match image C:\Users\video\Desktop\GameJam4Real\GameJam4RE5L\GameJam For real\Library\PackageCache\com.unity.visualscripting@1.8.0\Editor\VisualScripting.Core\Dependencies\YamlDotNet\Unity.VisualScripting.YamlDotNet.dll
Symbol file LoadedFromMemory doesn't match image C:\Users\video\Desktop\GameJam4Real\GameJam4RE5L\GameJam For real\Library\PackageCache\com.unity.visualscripting@1.8.0\Editor\VisualScripting.Core\Dependencies\DotNetZip\Unity.VisualScripting.IonicZip.dll
- Loaded All Assemblies, in  0.742 seconds
Refreshing native plugins compatible for Editor in 7.25 ms, found 4 plugins.
Native extension for UWP target not found
Native extension for WindowsStandalone target not found
Native extension for Android target not found
Mono: successfully reloaded assembly
- Finished resetting the current domain, in  0.601 seconds
Domain Reload Profiling: 1337ms
	BeginReloadAssembly (157ms)
		ExecutionOrderSort (0ms)
		DisableScriptedObjects (5ms)
		BackupInstance (0ms)
		ReleaseScriptingObjects (0ms)
		CreateAndSetChildDomain (23ms)
	RebuildCommonClasses (35ms)
	RebuildNativeTypeToScriptingClass (11ms)
	initialDomainReloadingComplete (50ms)
	LoadAllAssembliesAndSetupDomain (484ms)
		LoadAssemblies (393ms)
		RebuildTransferFunctionScriptingTraits (0ms)
		AnalyzeDomain (184ms)
			TypeCache.Refresh (153ms)
				TypeCache.ScanAssembly (134ms)
			ScanForSourceGeneratedMonoScriptInfo (22ms)
			ResolveRequiredComponents (8ms)
	FinalizeReload (601ms)
		ReleaseScriptCaches (0ms)
		RebuildScriptCaches (0ms)
		SetupLoadedEditorAssemblies (419ms)
			LogAssemblyErrors (0ms)
			InitializePlatformSupportModulesInManaged (30ms)
			SetLoadedEditorAssemblies (3ms)
			RefreshPlugins (0ms)
			BeforeProcessingInitializeOnLoad (85ms)
			ProcessInitializeOnLoadAttributes (254ms)
			ProcessInitializeOnLoadMethodAttributes (37ms)
			AfterProcessingInitializeOnLoad (11ms)
			EditorAssembliesLoaded (0ms)
		ExecutionOrderSort2 (0ms)
		AwakeInstancesAfterBackupRestoration (6ms)
Launched and connected shader compiler UnityShaderCompiler.exe after 0.09 seconds
Refreshing native plugins compatible for Editor in 5.76 ms, found 4 plugins.
Preloading 0 native plugins for Editor in 0.00 ms.
Unloading 4053 Unused Serialized files (Serialized files now loaded: 0)
Unloading 63 unused Assets / (60.6 KB). Loaded Objects now: 4520.
Memory consumption went from 146.2 MB to 146.2 MB.
Total: 3.470300 ms (FindLiveObjects: 0.291400 ms CreateObjectMapping: 0.269100 ms MarkObjects: 2.789500 ms  DeleteObjects: 0.119500 ms)

AssetImportParameters requested are different than current active one (requested -> active):
  custom:container-demuxer-ogg: 62fdf1f143b41e24485cea50d1cbac27 -> 
  custom:scripting/monoscript/fileName/AudioManager.cs: 0aef3caba4c1c1b0bc8bd1dca2fef31d -> e8310be4479956b7ccf5d41d9f0f6e53
  custom:video-decoder-ogg-theora: a1e56fd34408186e4bbccfd4996cb3dc -> 
  custom:framework-win-MediaFoundation: 216162199b28c13a410421893ffa2e32 -> 
  custom:CustomObjectIndexerAttribute: 756ad292c208cfabdd7b50bc23989ffe -> 
  custom:container-demuxer-webm: 4f35f7cbe854078d1ac9338744f61a02 -> 
  custom:container-muxer-webm: aa71ff27fc2769a1b78a27578f13a17b -> 
  custom:video-decoder-webm-vp8: 9c59270c3fd7afecdb556c50c9e8de78 -> 
  custom:SearchIndexIgnoredProperties: e643bd26f0fe6173181afceb89e7c659 -> 
  custom:AudioImporter_EditorPlatform: d09bf68614088b80899f8185d706f6e7 -> 
  custom:video-encoder-webm-vp8: eb34c28f22e8b96e1ab97ce403110664 -> 
  custom:audio-decoder-ogg-vorbis: bf7c407c2cedff20999df2af8eb42d56 -> 
  custom:audio-encoder-webm-vorbis: bf7c407c2cedff20999df2af8eb42d56 -> 
========================================================================
Received Import Request.
  Time since last request: 185812.743932 seconds.
  path: Assets/Sprites/Tile_Sprites/Tile_5.png
  artifactKey: Guid(a0084164d0fd1cb4bb914fb20c35bb3b) Importer(815301076,1909f56bfc062723c751e8b465ee728b)
Start importing Assets/Sprites/Tile_Sprites/Tile_5.png using Guid(a0084164d0fd1cb4bb914fb20c35bb3b) Importer(815301076,1909f56bfc062723c751e8b465ee728b)  -> (artifact id: '12137650bb1e06b1ab22ed91b0013995') in 0.080269 seconds
Number of updated asset objects reloaded before import = 0
Number of asset objects unloaded after import = 3
========================================================================
Received Import Request.
  Time since last request: 5.696631 seconds.
  path: Assets/Sprites/Tile_Sprites/Tile_5.png
  artifactKey: Guid(a0084164d0fd1cb4bb914fb20c35bb3b) Importer(815301076,1909f56bfc062723c751e8b465ee728b)
Start importing Assets/Sprites/Tile_Sprites/Tile_5.png using Guid(a0084164d0fd1cb4bb914fb20c35bb3b) Importer(815301076,1909f56bfc062723c751e8b465ee728b)  -> (artifact id: '32ede13c60ff3ec595f5fbe3abcd6f45') in 0.028833 seconds
Number of updated asset objects reloaded before import = 0
Number of asset objects unloaded after import = 3
========================================================================
Received Import Request.
  Time since last request: 2.476417 seconds.
  path: Assets/TileMaps/New Palette.prefab
  artifactKey: Guid(c3cf314e24b86de438c7995c3bc53619) Importer(815301076,1909f56bfc062723c751e8b465ee728b)
Start importing Assets/TileMaps/New Palette.prefab using Guid(c3cf314e24b86de438c7995c3bc53619) Importer(815301076,1909f56bfc062723c751e8b465ee728b)  -> (artifact id: 'cfe0745a846198414b2bb277da5b33be') in 0.054853 seconds
Number of updated asset objects reloaded before import = 0
Number of asset objects unloaded after import = 49
========================================================================
Received Import Request.
  Time since last request: 163.211089 seconds.
  path: Assets/Prefabs/Level/Grid.prefab
  artifactKey: Guid(18c4a1f5c2542af4ba89a30408f6a495) Importer(815301076,1909f56bfc062723c751e8b465ee728b)
Start importing Assets/Prefabs/Level/Grid.prefab using Guid(18c4a1f5c2542af4ba89a30408f6a495) Importer(815301076,1909f56bfc062723c751e8b465ee728b)  -> (artifact id: '2863da1018f1216ba2c4f4b2e68627bd') in 0.045514 seconds
Number of updated asset objects reloaded before import = 0
Number of asset objects unloaded after import = 52
========================================================================
Received Import Request.
  Time since last request: 8.911166 seconds.
  path: Assets/Prefabs/Level/Grid.prefab
  artifactKey: Guid(18c4a1f5c2542af4ba89a30408f6a495) Importer(815301076,1909f56bfc062723c751e8b465ee728b)
Start importing Assets/Prefabs/Level/Grid.prefab using Guid(18c4a1f5c2542af4ba89a30408f6a495) Importer(815301076,1909f56bfc062723c751e8b465ee728b)  -> (artifact id: 'bea91f86033e173edd693fea903f2a78') in 0.021534 seconds
Number of updated asset objects reloaded before import = 0
Number of asset objects unloaded after import = 55
========================================================================
Received Import Request.
  Time since last request: 0.108649 seconds.
  path: Assets/Prefabs/Level/Grid.prefab
  artifactKey: Guid(18c4a1f5c2542af4ba89a30408f6a495) Importer(815301076,1909f56bfc062723c751e8b465ee728b)
Start importing Assets/Prefabs/Level/Grid.prefab using Guid(18c4a1f5c2542af4ba89a30408f6a495) Importer(815301076,1909f56bfc062723c751e8b465ee728b)  -> (artifact id: '3a4c39fe9c3f9abbfac41422a34b29a3') in 0.025439 seconds
Number of updated asset objects reloaded before import = 0
Number of asset objects unloaded after import = 55
========================================================================
Received Import Request.
  Time since last request: 0.248463 seconds.
  path: Assets/Prefabs/Level/Grid.prefab
  artifactKey: Guid(18c4a1f5c2542af4ba89a30408f6a495) Importer(815301076,1909f56bfc062723c751e8b465ee728b)
Start importing Assets/Prefabs/Level/Grid.prefab using Guid(18c4a1f5c2542af4ba89a30408f6a495) Importer(815301076,1909f56bfc062723c751e8b465ee728b)  -> (artifact id: '4d1d2756379a6a9a94958343878a3ce1') in 0.031139 seconds
Number of updated asset objects reloaded before import = 0
Number of asset objects unloaded after import = 55
========================================================================
Received Import Request.
  Time since last request: 0.509713 seconds.
  path: Assets/Prefabs/Level/Grid.prefab
  artifactKey: Guid(18c4a1f5c2542af4ba89a30408f6a495) Importer(815301076,1909f56bfc062723c751e8b465ee728b)
Start importing Assets/Prefabs/Level/Grid.prefab using Guid(18c4a1f5c2542af4ba89a30408f6a495) Importer(815301076,1909f56bfc062723c751e8b465ee728b)  -> (artifact id: '7c0f28b13213b1fe0b319820924f43a4') in 0.019550 seconds
Number of updated asset objects reloaded before import = 0
Number of asset objects unloaded after import = 55
========================================================================
Received Import Request.
  Time since last request: 0.602531 seconds.
  path: Assets/Prefabs/Level/Grid.prefab
  artifactKey: Guid(18c4a1f5c2542af4ba89a30408f6a495) Importer(815301076,1909f56bfc062723c751e8b465ee728b)
Start importing Assets/Prefabs/Level/Grid.prefab using Guid(18c4a1f5c2542af4ba89a30408f6a495) Importer(815301076,1909f56bfc062723c751e8b465ee728b)  -> (artifact id: '16c37344c382149ba09088657eced2b1') in 0.027933 seconds
Number of updated asset objects reloaded before import = 0
Number of asset objects unloaded after import = 55
========================================================================
Received Import Request.
  Time since last request: 0.378519 seconds.
  path: Assets/Prefabs/Level/Grid.prefab
  artifactKey: Guid(18c4a1f5c2542af4ba89a30408f6a495) Importer(815301076,1909f56bfc062723c751e8b465ee728b)
Start importing Assets/Prefabs/Level/Grid.prefab using Guid(18c4a1f5c2542af4ba89a30408f6a495) Importer(815301076,1909f56bfc062723c751e8b465ee728b)  -> (artifact id: '77d81cc1a1d89810aa751d0de90429be') in 0.021642 seconds
Number of updated asset objects reloaded before import = 0
Number of asset objects unloaded after import = 55
========================================================================
Received Import Request.
  Time since last request: 0.574101 seconds.
  path: Assets/Prefabs/Level/Grid.prefab
  artifactKey: Guid(18c4a1f5c2542af4ba89a30408f6a495) Importer(815301076,1909f56bfc062723c751e8b465ee728b)
Start importing Assets/Prefabs/Level/Grid.prefab using Guid(18c4a1f5c2542af4ba89a30408f6a495) Importer(815301076,1909f56bfc062723c751e8b465ee728b)  -> (artifact id: '91e7aeb6c08e0fed48c5e6c97155a7c4') in 0.025313 seconds
Number of updated asset objects reloaded before import = 0
Number of asset objects unloaded after import = 55
========================================================================
Received Import Request.
  Time since last request: 0.376561 seconds.
  path: Assets/Prefabs/Level/Grid.prefab
  artifactKey: Guid(18c4a1f5c2542af4ba89a30408f6a495) Importer(815301076,1909f56bfc062723c751e8b465ee728b)
Start importing Assets/Prefabs/Level/Grid.prefab using Guid(18c4a1f5c2542af4ba89a30408f6a495) Importer(815301076,1909f56bfc062723c751e8b465ee728b)  -> (artifact id: '40a757858dc337caea65a9e30a6b248b') in 0.026478 seconds
Number of updated asset objects reloaded before import = 0
Number of asset objects unloaded after import = 55
========================================================================
Received Import Request.
  Time since last request: 0.376091 seconds.
  path: Assets/Prefabs/Level/Grid.prefab
  artifactKey: Guid(18c4a1f5c2542af4ba89a30408f6a495) Importer(815301076,1909f56bfc062723c751e8b465ee728b)
Start importing Assets/Prefabs/Level/Grid.prefab using Guid(18c4a1f5c2542af4ba89a30408f6a495) Importer(815301076,1909f56bfc062723c751e8b465ee728b)  -> (artifact id: '1dd985eec905ef17f79c460336911a5a') in 0.021405 seconds
Number of updated asset objects reloaded before import = 0
Number of asset objects unloaded after import = 55
========================================================================
Received Import Request.
  Time since last request: 0.350462 seconds.
  path: Assets/Prefabs/Level/Grid.prefab
  artifactKey: Guid(18c4a1f5c2542af4ba89a30408f6a495) Importer(815301076,1909f56bfc062723c751e8b465ee728b)
Start importing Assets/Prefabs/Level/Grid.prefab using Guid(18c4a1f5c2542af4ba89a30408f6a495) Importer(815301076,1909f56bfc062723c751e8b465ee728b)  -> (artifact id: '49b1e4885d8e0e3554ceb656d7d7175b') in 0.028317 seconds
Number of updated asset objects reloaded before import = 0
Number of asset objects unloaded after import = 55
========================================================================
Received Import Request.
  Time since last request: 0.223489 seconds.
  path: Assets/Prefabs/Level/Grid.prefab
  artifactKey: Guid(18c4a1f5c2542af4ba89a30408f6a495) Importer(815301076,1909f56bfc062723c751e8b465ee728b)
Start importing Assets/Prefabs/Level/Grid.prefab using Guid(18c4a1f5c2542af4ba89a30408f6a495) Importer(815301076,1909f56bfc062723c751e8b465ee728b)  -> (artifact id: 'd82c7f9efcd10fccbacb5b3a4096e494') in 0.032696 seconds
Number of updated asset objects reloaded before import = 0
Number of asset objects unloaded after import = 55
========================================================================
Received Import Request.
  Time since last request: 0.326186 seconds.
  path: Assets/Prefabs/Level/Grid.prefab
  artifactKey: Guid(18c4a1f5c2542af4ba89a30408f6a495) Importer(815301076,1909f56bfc062723c751e8b465ee728b)
Start importing Assets/Prefabs/Level/Grid.prefab using Guid(18c4a1f5c2542af4ba89a30408f6a495) Importer(815301076,1909f56bfc062723c751e8b465ee728b)  -> (artifact id: '31387d2fe0ba2981b0f6d530add5ef39') in 0.022537 seconds
Number of updated asset objects reloaded before import = 0
Number of asset objects unloaded after import = 55
========================================================================
Received Import Request.
  Time since last request: 1.205950 seconds.
  path: Assets/Prefabs/Level/Grid.prefab
  artifactKey: Guid(18c4a1f5c2542af4ba89a30408f6a495) Importer(815301076,1909f56bfc062723c751e8b465ee728b)
Start importing Assets/Prefabs/Level/Grid.prefab using Guid(18c4a1f5c2542af4ba89a30408f6a495) Importer(815301076,1909f56bfc062723c751e8b465ee728b)  -> (artifact id: '2f480a0147b67ca571c87efd91c92c02') in 0.022146 seconds
Number of updated asset objects reloaded before import = 0
Number of asset objects unloaded after import = 55
========================================================================
Received Import Request.
  Time since last request: 0.541069 seconds.
  path: Assets/Prefabs/Level/Grid.prefab
  artifactKey: Guid(18c4a1f5c2542af4ba89a30408f6a495) Importer(815301076,1909f56bfc062723c751e8b465ee728b)
Start importing Assets/Prefabs/Level/Grid.prefab using Guid(18c4a1f5c2542af4ba89a30408f6a495) Importer(815301076,1909f56bfc062723c751e8b465ee728b)  -> (artifact id: 'e3c07e842031783f0270a63f6a71871c') in 0.023472 seconds
Number of updated asset objects reloaded before import = 0
Number of asset objects unloaded after import = 55
========================================================================
Received Import Request.
  Time since last request: 0.577018 seconds.
  path: Assets/Prefabs/Level/Grid.prefab
  artifactKey: Guid(18c4a1f5c2542af4ba89a30408f6a495) Importer(815301076,1909f56bfc062723c751e8b465ee728b)
Start importing Assets/Prefabs/Level/Grid.prefab using Guid(18c4a1f5c2542af4ba89a30408f6a495) Importer(815301076,1909f56bfc062723c751e8b465ee728b)  -> (artifact id: '7c0384df0a402a71c16b29728dae56b8') in 0.022133 seconds
Number of updated asset objects reloaded before import = 0
Number of asset objects unloaded after import = 55
========================================================================
Received Import Request.
  Time since last request: 0.214043 seconds.
  path: Assets/Prefabs/Level/Grid.prefab
  artifactKey: Guid(18c4a1f5c2542af4ba89a30408f6a495) Importer(815301076,1909f56bfc062723c751e8b465ee728b)
Start importing Assets/Prefabs/Level/Grid.prefab using Guid(18c4a1f5c2542af4ba89a30408f6a495) Importer(815301076,1909f56bfc062723c751e8b465ee728b)  -> (artifact id: '3d3677c3c24ac83f0fbe763638d6e0b2') in 0.022500 seconds
Number of updated asset objects reloaded before import = 0
Number of asset objects unloaded after import = 55
========================================================================
Received Import Request.
  Time since last request: 0.343154 seconds.
  path: Assets/Prefabs/Level/Grid.prefab
  artifactKey: Guid(18c4a1f5c2542af4ba89a30408f6a495) Importer(815301076,1909f56bfc062723c751e8b465ee728b)
Start importing Assets/Prefabs/Level/Grid.prefab using Guid(18c4a1f5c2542af4ba89a30408f6a495) Importer(815301076,1909f56bfc062723c751e8b465ee728b)  -> (artifact id: '9160d4e3f0eaef461ce71fe5540e07fd') in 0.059425 seconds
Number of updated asset objects reloaded before import = 0
Number of asset objects unloaded after import = 55
========================================================================
Received Import Request.
  Time since last request: 0.345458 seconds.
  path: Assets/Prefabs/Level/Grid.prefab
  artifactKey: Guid(18c4a1f5c2542af4ba89a30408f6a495) Importer(815301076,1909f56bfc062723c751e8b465ee728b)
Start importing Assets/Prefabs/Level/Grid.prefab using Guid(18c4a1f5c2542af4ba89a30408f6a495) Importer(815301076,1909f56bfc062723c751e8b465ee728b)  -> (artifact id: '4e645797ecd2e3846c0350c9e0004006') in 0.036443 seconds
Number of updated asset objects reloaded before import = 0
Number of asset objects unloaded after import = 55
========================================================================
Received Import Request.
  Time since last request: 0.363278 seconds.
  path: Assets/Prefabs/Level/Grid.prefab
  artifactKey: Guid(18c4a1f5c2542af4ba89a30408f6a495) Importer(815301076,1909f56bfc062723c751e8b465ee728b)
Start importing Assets/Prefabs/Level/Grid.prefab using Guid(18c4a1f5c2542af4ba89a30408f6a495) Importer(815301076,1909f56bfc062723c751e8b465ee728b)  -> (artifact id: 'a2257642e2489d0e2bd1c5ead91afdb9') in 0.025401 seconds
Number of updated asset objects reloaded before import = 0
Number of asset objects unloaded after import = 55
========================================================================
Received Import Request.
  Time since last request: 0.374383 seconds.
  path: Assets/Prefabs/Level/Grid.prefab
  artifactKey: Guid(18c4a1f5c2542af4ba89a30408f6a495) Importer(815301076,1909f56bfc062723c751e8b465ee728b)
Start importing Assets/Prefabs/Level/Grid.prefab using Guid(18c4a1f5c2542af4ba89a30408f6a495) Importer(815301076,1909f56bfc062723c751e8b465ee728b)  -> (artifact id: 'c80acddbc7bd4d8a0885231adf72c0c5') in 0.045594 seconds
Number of updated asset objects reloaded before import = 0
Number of asset objects unloaded after import = 55
========================================================================
Received Import Request.
  Time since last request: 0.565622 seconds.
  path: Assets/Prefabs/Level/Grid.prefab
  artifactKey: Guid(18c4a1f5c2542af4ba89a30408f6a495) Importer(815301076,1909f56bfc062723c751e8b465ee728b)
Start importing Assets/Prefabs/Level/Grid.prefab using Guid(18c4a1f5c2542af4ba89a30408f6a495) Importer(815301076,1909f56bfc062723c751e8b465ee728b)  -> (artifact id: '897606f6be1bfa210091476fd0c41527') in 0.024464 seconds
Number of updated asset objects reloaded before import = 0
Number of asset objects unloaded after import = 55
========================================================================
Received Import Request.
  Time since last request: 0.378487 seconds.
  path: Assets/Prefabs/Level/Grid.prefab
  artifactKey: Guid(18c4a1f5c2542af4ba89a30408f6a495) Importer(815301076,1909f56bfc062723c751e8b465ee728b)
Start importing Assets/Prefabs/Level/Grid.prefab using Guid(18c4a1f5c2542af4ba89a30408f6a495) Importer(815301076,1909f56bfc062723c751e8b465ee728b)  -> (artifact id: 'e93566a9855d1ce818bc1eb9d6ccc239') in 0.022598 seconds
Number of updated asset objects reloaded before import = 0
Number of asset objects unloaded after import = 55
========================================================================
Received Import Request.
  Time since last request: 0.572596 seconds.
  path: Assets/Prefabs/Level/Grid.prefab
  artifactKey: Guid(18c4a1f5c2542af4ba89a30408f6a495) Importer(815301076,1909f56bfc062723c751e8b465ee728b)
Start importing Assets/Prefabs/Level/Grid.prefab using Guid(18c4a1f5c2542af4ba89a30408f6a495) Importer(815301076,1909f56bfc062723c751e8b465ee728b)  -> (artifact id: 'e060d1c168fb6342dea17e1bd4c4bfec') in 0.022718 seconds
Number of updated asset objects reloaded before import = 0
Number of asset objects unloaded after import = 55
========================================================================
Received Import Request.
  Time since last request: 0.423904 seconds.
  path: Assets/Prefabs/Level/Grid.prefab
  artifactKey: Guid(18c4a1f5c2542af4ba89a30408f6a495) Importer(815301076,1909f56bfc062723c751e8b465ee728b)
Start importing Assets/Prefabs/Level/Grid.prefab using Guid(18c4a1f5c2542af4ba89a30408f6a495) Importer(815301076,1909f56bfc062723c751e8b465ee728b)  -> (artifact id: '54337e9ce020b8951e8153885e88deb8') in 0.025194 seconds
Number of updated asset objects reloaded before import = 0
Number of asset objects unloaded after import = 55
========================================================================
Received Import Request.
  Time since last request: 0.318860 seconds.
  path: Assets/Prefabs/Level/Grid.prefab
  artifactKey: Guid(18c4a1f5c2542af4ba89a30408f6a495) Importer(815301076,1909f56bfc062723c751e8b465ee728b)
Start importing Assets/Prefabs/Level/Grid.prefab using Guid(18c4a1f5c2542af4ba89a30408f6a495) Importer(815301076,1909f56bfc062723c751e8b465ee728b)  -> (artifact id: '578b4a9d1b95f56e78377ff6c6974363') in 0.024408 seconds
Number of updated asset objects reloaded before import = 0
Number of asset objects unloaded after import = 55
========================================================================
Received Import Request.
  Time since last request: 0.224474 seconds.
  path: Assets/Prefabs/Level/Grid.prefab
  artifactKey: Guid(18c4a1f5c2542af4ba89a30408f6a495) Importer(815301076,1909f56bfc062723c751e8b465ee728b)
Start importing Assets/Prefabs/Level/Grid.prefab using Guid(18c4a1f5c2542af4ba89a30408f6a495) Importer(815301076,1909f56bfc062723c751e8b465ee728b)  -> (artifact id: '92cbe7e38ff6957e30e5bf5acc29cdf3') in 0.024572 seconds
Number of updated asset objects reloaded before import = 0
Number of asset objects unloaded after import = 55
========================================================================
Received Import Request.
  Time since last request: 0.373774 seconds.
  path: Assets/Prefabs/Level/Grid.prefab
  artifactKey: Guid(18c4a1f5c2542af4ba89a30408f6a495) Importer(815301076,1909f56bfc062723c751e8b465ee728b)
Start importing Assets/Prefabs/Level/Grid.prefab using Guid(18c4a1f5c2542af4ba89a30408f6a495) Importer(815301076,1909f56bfc062723c751e8b465ee728b)  -> (artifact id: 'f3e401beaadbafcd76ff4c7ef5d79d4a') in 0.022828 seconds
Number of updated asset objects reloaded before import = 0
Number of asset objects unloaded after import = 55
========================================================================
Received Import Request.
  Time since last request: 0.372237 seconds.
  path: Assets/Prefabs/Level/Grid.prefab
  artifactKey: Guid(18c4a1f5c2542af4ba89a30408f6a495) Importer(815301076,1909f56bfc062723c751e8b465ee728b)
Start importing Assets/Prefabs/Level/Grid.prefab using Guid(18c4a1f5c2542af4ba89a30408f6a495) Importer(815301076,1909f56bfc062723c751e8b465ee728b)  -> (artifact id: '4f94887a1b2d4f3030c29cfa56ffe127') in 0.028932 seconds
Number of updated asset objects reloaded before import = 0
Number of asset objects unloaded after import = 55
========================================================================
Received Import Request.
  Time since last request: 0.334554 seconds.
  path: Assets/Prefabs/Level/Grid.prefab
  artifactKey: Guid(18c4a1f5c2542af4ba89a30408f6a495) Importer(815301076,1909f56bfc062723c751e8b465ee728b)
Start importing Assets/Prefabs/Level/Grid.prefab using Guid(18c4a1f5c2542af4ba89a30408f6a495) Importer(815301076,1909f56bfc062723c751e8b465ee728b)  -> (artifact id: 'edc08ce4d3455aa4036ed1bd3a3f4a55') in 0.025701 seconds
Number of updated asset objects reloaded before import = 0
Number of asset objects unloaded after import = 55
========================================================================
Received Import Request.
  Time since last request: 0.374620 seconds.
  path: Assets/Prefabs/Level/Grid.prefab
  artifactKey: Guid(18c4a1f5c2542af4ba89a30408f6a495) Importer(815301076,1909f56bfc062723c751e8b465ee728b)
Start importing Assets/Prefabs/Level/Grid.prefab using Guid(18c4a1f5c2542af4ba89a30408f6a495) Importer(815301076,1909f56bfc062723c751e8b465ee728b)  -> (artifact id: '6d64f35c054dac6779a30b0adc7584dd') in 0.032440 seconds
Number of updated asset objects reloaded before import = 0
Number of asset objects unloaded after import = 55
========================================================================
Received Import Request.
  Time since last request: 0.356459 seconds.
  path: Assets/Prefabs/Level/Grid.prefab
  artifactKey: Guid(18c4a1f5c2542af4ba89a30408f6a495) Importer(815301076,1909f56bfc062723c751e8b465ee728b)
Start importing Assets/Prefabs/Level/Grid.prefab using Guid(18c4a1f5c2542af4ba89a30408f6a495) Importer(815301076,1909f56bfc062723c751e8b465ee728b)  -> (artifact id: 'f4a800db61ba419752c2230999cf4d1b') in 0.022044 seconds
Number of updated asset objects reloaded before import = 0
Number of asset objects unloaded after import = 55
========================================================================
Received Import Request.
  Time since last request: 0.824894 seconds.
  path: Assets/Prefabs/Level/Grid.prefab
  artifactKey: Guid(18c4a1f5c2542af4ba89a30408f6a495) Importer(815301076,1909f56bfc062723c751e8b465ee728b)
Start importing Assets/Prefabs/Level/Grid.prefab using Guid(18c4a1f5c2542af4ba89a30408f6a495) Importer(815301076,1909f56bfc062723c751e8b465ee728b)  -> (artifact id: 'fb2ef289aa8e3d205e5e8cb17c9c3e16') in 0.021983 seconds
Number of updated asset objects reloaded before import = 0
Number of asset objects unloaded after import = 55
========================================================================
Received Import Request.
  Time since last request: 0.217175 seconds.
  path: Assets/Prefabs/Level/Grid.prefab
  artifactKey: Guid(18c4a1f5c2542af4ba89a30408f6a495) Importer(815301076,1909f56bfc062723c751e8b465ee728b)
Start importing Assets/Prefabs/Level/Grid.prefab using Guid(18c4a1f5c2542af4ba89a30408f6a495) Importer(815301076,1909f56bfc062723c751e8b465ee728b)  -> (artifact id: 'f65786f1f0376b74107938d541e9ebf7') in 0.022182 seconds
Number of updated asset objects reloaded before import = 0
Number of asset objects unloaded after import = 55
========================================================================
Received Import Request.
  Time since last request: 0.911712 seconds.
  path: Assets/Prefabs/Level/Grid.prefab
  artifactKey: Guid(18c4a1f5c2542af4ba89a30408f6a495) Importer(815301076,1909f56bfc062723c751e8b465ee728b)
Start importing Assets/Prefabs/Level/Grid.prefab using Guid(18c4a1f5c2542af4ba89a30408f6a495) Importer(815301076,1909f56bfc062723c751e8b465ee728b)  -> (artifact id: 'f6213d3c5d5452872e0cbea1b13e84c0') in 0.035114 seconds
Number of updated asset objects reloaded before import = 0
Number of asset objects unloaded after import = 55
========================================================================
Received Import Request.
  Time since last request: 0.764006 seconds.
  path: Assets/Prefabs/Level/Grid.prefab
  artifactKey: Guid(18c4a1f5c2542af4ba89a30408f6a495) Importer(815301076,1909f56bfc062723c751e8b465ee728b)
Start importing Assets/Prefabs/Level/Grid.prefab using Guid(18c4a1f5c2542af4ba89a30408f6a495) Importer(815301076,1909f56bfc062723c751e8b465ee728b)  -> (artifact id: '72799897163879b6dcd89db607fe6e0f') in 0.019588 seconds
Number of updated asset objects reloaded before import = 0
Number of asset objects unloaded after import = 55
========================================================================
Received Import Request.
  Time since last request: 0.623379 seconds.
  path: Assets/Prefabs/Level/Grid.prefab
  artifactKey: Guid(18c4a1f5c2542af4ba89a30408f6a495) Importer(815301076,1909f56bfc062723c751e8b465ee728b)
Start importing Assets/Prefabs/Level/Grid.prefab using Guid(18c4a1f5c2542af4ba89a30408f6a495) Importer(815301076,1909f56bfc062723c751e8b465ee728b)  -> (artifact id: 'a9546602f0b91dfcbbaf21796d66180f') in 0.023923 seconds
Number of updated asset objects reloaded before import = 0
Number of asset objects unloaded after import = 55
========================================================================
Received Import Request.
  Time since last request: 0.345044 seconds.
  path: Assets/Prefabs/Level/Grid.prefab
  artifactKey: Guid(18c4a1f5c2542af4ba89a30408f6a495) Importer(815301076,1909f56bfc062723c751e8b465ee728b)
Start importing Assets/Prefabs/Level/Grid.prefab using Guid(18c4a1f5c2542af4ba89a30408f6a495) Importer(815301076,1909f56bfc062723c751e8b465ee728b)  -> (artifact id: 'c6ebf85287c8a90634cef9d00d8ea6e1') in 0.025393 seconds
Number of updated asset objects reloaded before import = 0
Number of asset objects unloaded after import = 55
========================================================================
Received Import Request.
  Time since last request: 73.914318 seconds.
  path: Assets/Scenes/Third Level.unity
  artifactKey: Guid(1d174460336463242a667aa972a3ed96) Importer(815301076,1909f56bfc062723c751e8b465ee728b)
Start importing Assets/Scenes/Third Level.unity using Guid(1d174460336463242a667aa972a3ed96) Importer(815301076,1909f56bfc062723c751e8b465ee728b)  -> (artifact id: 'da7c35995014bab429d111003f64138f') in 0.000572 seconds
Number of updated asset objects reloaded before import = 0
Number of asset objects unloaded after import = 0
========================================================================
Received Import Request.
  Time since last request: 111.661991 seconds.
  path: Assets/HintSystem/Canvas.prefab
  artifactKey: Guid(fe92add8d5a62364a883bfe1aa51d374) Importer(815301076,1909f56bfc062723c751e8b465ee728b)
Start importing Assets/HintSystem/Canvas.prefab using Guid(fe92add8d5a62364a883bfe1aa51d374) Importer(815301076,1909f56bfc062723c751e8b465ee728b)  -> (artifact id: '581c87eb5f8ce69d8d9cdb591ddcc89b') in 0.049276 seconds
Number of updated asset objects reloaded before import = 0
Number of asset objects unloaded after import = 45
========================================================================
Received Import Request.
  Time since last request: 0.000013 seconds.
  path: Assets/HintSystem/Hint #2 Variant.prefab
  artifactKey: Guid(fbdf8bfc05aaa6c4b96b4a7588c2a01b) Importer(815301076,1909f56bfc062723c751e8b465ee728b)
Start importing Assets/HintSystem/Hint #2 Variant.prefab using Guid(fbdf8bfc05aaa6c4b96b4a7588c2a01b) Importer(815301076,1909f56bfc062723c751e8b465ee728b)  -> (artifact id: '20ea2c12068fe711de552f9f59768fa3') in 0.027752 seconds
Number of updated asset objects reloaded before import = 0
Number of asset objects unloaded after import = 29
========================================================================
Received Import Request.
  Time since last request: 70.676484 seconds.
  path: Assets/HintSystem/Canvas.prefab
  artifactKey: Guid(fe92add8d5a62364a883bfe1aa51d374) Importer(815301076,1909f56bfc062723c751e8b465ee728b)
Start importing Assets/HintSystem/Canvas.prefab using Guid(fe92add8d5a62364a883bfe1aa51d374) Importer(815301076,1909f56bfc062723c751e8b465ee728b)  -> (artifact id: '2a6d6388610fb0e4c2f52acce780fb68') in 0.026304 seconds
Number of updated asset objects reloaded before import = 0
Number of asset objects unloaded after import = 45
========================================================================
Received Import Request.
  Time since last request: 45.244086 seconds.
  path: Assets/HintSystem/Canvas.prefab
  artifactKey: Guid(fe92add8d5a62364a883bfe1aa51d374) Importer(815301076,1909f56bfc062723c751e8b465ee728b)
Start importing Assets/HintSystem/Canvas.prefab using Guid(fe92add8d5a62364a883bfe1aa51d374) Importer(815301076,1909f56bfc062723c751e8b465ee728b)  -> (artifact id: 'b57b38dbfcb90d1a32853d9be6cab717') in 0.024065 seconds
Number of updated asset objects reloaded before import = 0
Number of asset objects unloaded after import = 45
========================================================================
Received Import Request.
  Time since last request: 20.843284 seconds.
  path: Assets/HintSystem/Canvas.prefab
  artifactKey: Guid(fe92add8d5a62364a883bfe1aa51d374) Importer(815301076,1909f56bfc062723c751e8b465ee728b)
Start importing Assets/HintSystem/Canvas.prefab using Guid(fe92add8d5a62364a883bfe1aa51d374) Importer(815301076,1909f56bfc062723c751e8b465ee728b)  -> (artifact id: '9db1bc1992553c5be850be02d7291804') in 0.023986 seconds
Number of updated asset objects reloaded before import = 0
Number of asset objects unloaded after import = 45
========================================================================
Received Import Request.
  Time since last request: 75.008006 seconds.
  path: Assets/Scenes
  artifactKey: Guid(51ff3fd21d68f254c990e03680f62b30) Importer(815301076,1909f56bfc062723c751e8b465ee728b)
Start importing Assets/Scenes using Guid(51ff3fd21d68f254c990e03680f62b30) Importer(815301076,1909f56bfc062723c751e8b465ee728b)  -> (artifact id: '91855de475404b9443fd627eb185fd00') in 0.000666 seconds
Number of updated asset objects reloaded before import = 0
Number of asset objects unloaded after import = 0
========================================================================
Received Import Request.
  Time since last request: 1.181635 seconds.
  path: Assets/Scenes/Menu.unity
  artifactKey: Guid(eff0450c212defe4e8fb1e407764bcdc) Importer(815301076,1909f56bfc062723c751e8b465ee728b)
Start importing Assets/Scenes/Menu.unity using Guid(eff0450c212defe4e8fb1e407764bcdc) Importer(815301076,1909f56bfc062723c751e8b465ee728b)  -> (artifact id: '61f8d8c390c8715cf5a6c83405904b56') in 0.000666 seconds
Number of updated asset objects reloaded before import = 0
Number of asset objects unloaded after import = 0
========================================================================
Received Prepare
Begin MonoManager ReloadAssembly
Symbol file LoadedFromMemory doesn't match image C:\Users\video\Desktop\GameJam4Real\GameJam4RE5L\GameJam For real\Library\PackageCache\com.unity.visualscripting@1.8.0\Editor\VisualScripting.Core\Dependencies\YamlDotNet\Unity.VisualScripting.YamlDotNet.dll
Symbol file LoadedFromMemory doesn't match image C:\Users\video\Desktop\GameJam4Real\GameJam4RE5L\GameJam For real\Library\PackageCache\com.unity.visualscripting@1.8.0\Editor\VisualScripting.Core\Dependencies\DotNetZip\Unity.VisualScripting.IonicZip.dll
- Loaded All Assemblies, in  0.540 seconds
Refreshing native plugins compatible for Editor in 6.25 ms, found 4 plugins.
Native extension for UWP target not found
Native extension for WindowsStandalone target not found
Native extension for Android target not found
Mono: successfully reloaded assembly
- Finished resetting the current domain, in  1.237 seconds
Domain Reload Profiling: 1770ms
	BeginReloadAssembly (172ms)
		ExecutionOrderSort (0ms)
		DisableScriptedObjects (12ms)
		BackupInstance (0ms)
		ReleaseScriptingObjects (0ms)
		CreateAndSetChildDomain (37ms)
	RebuildCommonClasses (34ms)
	RebuildNativeTypeToScriptingClass (11ms)
	initialDomainReloadingComplete (35ms)
	LoadAllAssembliesAndSetupDomain (281ms)
		LoadAssemblies (357ms)
		RebuildTransferFunctionScriptingTraits (0ms)
		AnalyzeDomain (14ms)
			TypeCache.Refresh (7ms)
				TypeCache.ScanAssembly (0ms)
			ScanForSourceGeneratedMonoScriptInfo (0ms)
			ResolveRequiredComponents (6ms)
	FinalizeReload (1238ms)
		ReleaseScriptCaches (0ms)
		RebuildScriptCaches (0ms)
		SetupLoadedEditorAssemblies (453ms)
			LogAssemblyErrors (0ms)
			InitializePlatformSupportModulesInManaged (40ms)
			SetLoadedEditorAssemblies (4ms)
			RefreshPlugins (0ms)
			BeforeProcessingInitializeOnLoad (101ms)
			ProcessInitializeOnLoadAttributes (260ms)
			ProcessInitializeOnLoadMethodAttributes (35ms)
			AfterProcessingInitializeOnLoad (13ms)
			EditorAssembliesLoaded (0ms)
		ExecutionOrderSort2 (0ms)
		AwakeInstancesAfterBackupRestoration (13ms)
Refreshing native plugins compatible for Editor in 8.00 ms, found 4 plugins.
Preloading 0 native plugins for Editor in 0.00 ms.
Unloading 4027 Unused Serialized files (Serialized files now loaded: 0)
Unloading 35 unused Assets / (34.6 KB). Loaded Objects now: 4535.
Memory consumption went from 139.6 MB to 139.5 MB.
Total: 4.736100 ms (FindLiveObjects: 0.337600 ms CreateObjectMapping: 0.351700 ms MarkObjects: 3.986300 ms  DeleteObjects: 0.059200 ms)

Prepare: number of updated asset objects reloaded= 0
AssetImportParameters requested are different than current active one (requested -> active):
  custom:container-demuxer-ogg: 62fdf1f143b41e24485cea50d1cbac27 -> 
  custom:scripting/monoscript/fileName/AudioManager.cs: 0aef3caba4c1c1b0bc8bd1dca2fef31d -> e8310be4479956b7ccf5d41d9f0f6e53
  custom:video-decoder-ogg-theora: a1e56fd34408186e4bbccfd4996cb3dc -> 
  custom:framework-win-MediaFoundation: 216162199b28c13a410421893ffa2e32 -> 
  custom:CustomObjectIndexerAttribute: 756ad292c208cfabdd7b50bc23989ffe -> 
  custom:container-demuxer-webm: 4f35f7cbe854078d1ac9338744f61a02 -> 
  custom:container-muxer-webm: aa71ff27fc2769a1b78a27578f13a17b -> 
  custom:video-decoder-webm-vp8: 9c59270c3fd7afecdb556c50c9e8de78 -> 
  custom:SearchIndexIgnoredProperties: e643bd26f0fe6173181afceb89e7c659 -> 
  custom:AudioImporter_EditorPlatform: d09bf68614088b80899f8185d706f6e7 -> 
  custom:video-encoder-webm-vp8: eb34c28f22e8b96e1ab97ce403110664 -> 
  custom:audio-decoder-ogg-vorbis: bf7c407c2cedff20999df2af8eb42d56 -> 
  custom:audio-encoder-webm-vorbis: bf7c407c2cedff20999df2af8eb42d56 -> 
